Using pre-set license
Built from '2020.3/staging' branch; Version is '2020.3.14f1 (d0d1bb862f9d) revision 13685179'; Using compiler version '192528614'; Build Type 'Release'
OS: 'Windows 10 Education; OS build 19042.1348; Version 2009; 64bit' Language: 'en' Physical Memory: 16180 MB
BatchMode: 1, IsHumanControllingUs: 0, StartBugReporterOnCrash: 0, Is64bit: 1, IsPro: 0

 COMMAND LINE ARGUMENTS:
C:\Program Files\Unity\Editor\Unity.exe
-adb2
-batchMode
-noUpm
-name
AssetImportWorker0
-projectPath
C:/Users/w0448970/OneDrive - Nova Scotia Community College/Level Design/Blockmesh Level Deliverable/Blockmesh Level Deliverable
-logFile
Logs/AssetImportWorker0.log
-srvPort
60772
Successfully changed project path to: C:/Users/w0448970/OneDrive - Nova Scotia Community College/Level Design/Blockmesh Level Deliverable/Blockmesh Level Deliverable
C:/Users/w0448970/OneDrive - Nova Scotia Community College/Level Design/Blockmesh Level Deliverable/Blockmesh Level Deliverable
Using Asset Import Pipeline V2.
Refreshing native plugins compatible for Editor in 31.47 ms, found 2 plugins.
Preloading 0 native plugins for Editor in 0.00 ms.
Initialize engine version: 2020.3.14f1 (d0d1bb862f9d)
[Subsystems] Discovering subsystems at path C:/Program Files/Unity/Editor/Data/Resources/UnitySubsystems
[Subsystems] Discovering subsystems at path C:/Users/w0448970/OneDrive - Nova Scotia Community College/Level Design/Blockmesh Level Deliverable/Blockmesh Level Deliverable/Assets
GfxDevice: creating device client; threaded=0
Direct3D:
    Version:  Direct3D 11.0 [level 11.0]
    Renderer: NVIDIA Quadro K2200 (ID=0x13ba)
    Vendor:   
    VRAM:     4053 MB
    Driver:   27.21.14.6192
Initialize mono
Mono path[0] = 'C:/Program Files/Unity/Editor/Data/Managed'
Mono path[1] = 'C:/Program Files/Unity/Editor/Data/MonoBleedingEdge/lib/mono/unityjit'
Mono config path = 'C:/Program Files/Unity/Editor/Data/MonoBleedingEdge/etc'
Using monoOptions --debugger-agent=transport=dt_socket,embedding=1,server=y,suspend=n,address=127.0.0.1:56884
Begin MonoManager ReloadAssembly
Registering precompiled unity dll's ...
Register platform support module: C:/Program Files/Unity/Editor/Data/PlaybackEngines/WindowsStandaloneSupport/UnityEditor.WindowsStandalone.Extensions.dll
Registered in 0.001822 seconds.
Native extension for WindowsStandalone target not found
Refreshing native plugins compatible for Editor in 29.34 ms, found 2 plugins.
Preloading 0 native plugins for Editor in 0.00 ms.
Mono: successfully reloaded assembly
- Completed reload, in  1.007 seconds
Domain Reload Profiling:
	ReloadAssembly (1007ms)
		BeginReloadAssembly (51ms)
			ExecutionOrderSort (0ms)
			DisableScriptedObjects (0ms)
			BackupInstance (0ms)
			ReleaseScriptingObjects (0ms)
			CreateAndSetChildDomain (1ms)
		EndReloadAssembly (378ms)
			LoadAssemblies (49ms)
			RebuildTransferFunctionScriptingTraits (0ms)
			SetupTypeCache (138ms)
			ReleaseScriptCaches (0ms)
			RebuildScriptCaches (31ms)
			SetupLoadedEditorAssemblies (146ms)
				LogAssemblyErrors (0ms)
				InitializePlatformSupportModulesInManaged (4ms)
				SetLoadedEditorAssemblies (0ms)
				RefreshPlugins (29ms)
				BeforeProcessingInitializeOnLoad (6ms)
				ProcessInitializeOnLoadAttributes (78ms)
				ProcessInitializeOnLoadMethodAttributes (29ms)
				AfterProcessingInitializeOnLoad (0ms)
				EditorAssembliesLoaded (0ms)
			ExecutionOrderSort2 (0ms)
			AwakeInstancesAfterBackupRestoration (0ms)
Platform modules already initialized, skipping
Registering precompiled user dll's ...
Registered in 0.004803 seconds.
Begin MonoManager ReloadAssembly
Native extension for WindowsStandalone target not found
Refreshing native plugins compatible for Editor in 0.33 ms, found 2 plugins.
Preloading 0 native plugins for Editor in 0.00 ms.
Mono: successfully reloaded assembly
- Completed reload, in  0.945 seconds
Domain Reload Profiling:
	ReloadAssembly (946ms)
		BeginReloadAssembly (136ms)
			ExecutionOrderSort (0ms)
			DisableScriptedObjects (4ms)
			BackupInstance (0ms)
			ReleaseScriptingObjects (0ms)
			CreateAndSetChildDomain (17ms)
		EndReloadAssembly (752ms)
			LoadAssemblies (82ms)
			RebuildTransferFunctionScriptingTraits (0ms)
			SetupTypeCache (254ms)
			ReleaseScriptCaches (0ms)
			RebuildScriptCaches (42ms)
			SetupLoadedEditorAssemblies (287ms)
				LogAssemblyErrors (0ms)
				InitializePlatformSupportModulesInManaged (4ms)
				SetLoadedEditorAssemblies (0ms)
				RefreshPlugins (0ms)
				BeforeProcessingInitializeOnLoad (56ms)
				ProcessInitializeOnLoadAttributes (216ms)
				ProcessInitializeOnLoadMethodAttributes (4ms)
				AfterProcessingInitializeOnLoad (6ms)
				EditorAssembliesLoaded (0ms)
			ExecutionOrderSort2 (0ms)
			AwakeInstancesAfterBackupRestoration (6ms)
Platform modules already initialized, skipping
========================================================================
Worker process is ready to serve import requests
Launched and connected shader compiler UnityShaderCompiler.exe after 0.04 seconds
Refreshing native plugins compatible for Editor in 0.33 ms, found 2 plugins.
Preloading 0 native plugins for Editor in 0.00 ms.
Unloading 1751 Unused Serialized files (Serialized files now loaded: 0)
System memory in use before: 82.1 MB.
System memory in use after: 82.1 MB.

Unloading 19 unused Assets to reduce memory usage. Loaded Objects now: 2189.
Total: 2.101500 ms (FindLiveObjects: 0.148400 ms CreateObjectMapping: 0.050700 ms MarkObjects: 1.811900 ms  DeleteObjects: 0.089800 ms)

AssetImportParameters requested are different than current active one (requested -> active):
  custom:framework-win-MediaFoundation: 216162199b28c13a410421893ffa2e32 -> 
  custom:video-decoder-ogg-theora: a1e56fd34408186e4bbccfd4996cb3dc -> 
  custom:container-muxer-webm: aa71ff27fc2769a1b78a27578f13a17b -> 
  custom:container-demuxer-webm: 4f35f7cbe854078d1ac9338744f61a02 -> 
  custom:container-demuxer-ogg: 62fdf1f143b41e24485cea50d1cbac27 -> 
  custom:video-encoder-webm-vp8: eb34c28f22e8b96e1ab97ce403110664 -> 
  custom:video-decoder-webm-vp8: 9c59270c3fd7afecdb556c50c9e8de78 -> 
  custom:audio-decoder-ogg-vorbis: bf7c407c2cedff20999df2af8eb42d56 -> 
  custom:audio-encoder-webm-vorbis: bf7c407c2cedff20999df2af8eb42d56 -> 
========================================================================
Received Import Request.
  path: Assets/S_FPS/lb.mat
  artifactKey: Guid(585786b261766e04a969bf68935da2fa) Importer(815301076,1909f56bfc062723c751e8b465ee728b)
Start importing Assets/S_FPS/lb.mat using Guid(585786b261766e04a969bf68935da2fa) Importer(815301076,1909f56bfc062723c751e8b465ee728b)  -> (artifact id: '2528844b9e4ba32c422f92aafa049e51') in 0.101034 seconds 
  Import took 0.103834 seconds .

========================================================================
Received Import Request.
  Time since last request: 0.000259 seconds.
  path: Assets/S_FPS/black.mat
  artifactKey: Guid(d8d4d3df7c4f1a041922334725a78a07) Importer(815301076,1909f56bfc062723c751e8b465ee728b)
Start importing Assets/S_FPS/black.mat using Guid(d8d4d3df7c4f1a041922334725a78a07) Importer(815301076,1909f56bfc062723c751e8b465ee728b)  -> (artifact id: '5ca88dc751596d0ed91e7d12fc8e4def') in 0.014276 seconds 
  Import took 0.018072 seconds .

========================================================================
Received Import Request.
  Time since last request: 0.000182 seconds.
  path: Assets/S_FPS/affect.mat
  artifactKey: Guid(335deb0d909ccc14d8b99339b0d5dafb) Importer(815301076,1909f56bfc062723c751e8b465ee728b)
Start importing Assets/S_FPS/affect.mat using Guid(335deb0d909ccc14d8b99339b0d5dafb) Importer(815301076,1909f56bfc062723c751e8b465ee728b)  -> (artifact id: 'a7198c3ee19d622cb7cde3f49906610f') in 0.012426 seconds 
  Import took 0.015795 seconds .

========================================================================
Received Import Request.
  Time since last request: 0.000205 seconds.
  path: Assets/S_FPS/lg.mat
  artifactKey: Guid(5bd23c04506cfeb4c849ad0d9010bf1b) Importer(815301076,1909f56bfc062723c751e8b465ee728b)
Start importing Assets/S_FPS/lg.mat using Guid(5bd23c04506cfeb4c849ad0d9010bf1b) Importer(815301076,1909f56bfc062723c751e8b465ee728b)  -> (artifact id: '82990ec0a551a5a56d884429bc608673') in 0.011019 seconds 
  Import took 0.015273 seconds .

========================================================================
Received Import Request.
  Time since last request: 70.154459 seconds.
  path: Assets/S_FPS/fy.mat
  artifactKey: Guid(db0eb6668e466a249a620d5ddb58a471) Importer(815301076,1909f56bfc062723c751e8b465ee728b)
Start importing Assets/S_FPS/fy.mat using Guid(db0eb6668e466a249a620d5ddb58a471) Importer(815301076,1909f56bfc062723c751e8b465ee728b)  -> (artifact id: 'f3d86e15e956c886eeef56e839a2f35a') in 0.012593 seconds 
  Import took 0.016855 seconds .

========================================================================
Received Import Request.
  Time since last request: 15.346959 seconds.
  path: Assets/S_FPS/Dg.mat
  artifactKey: Guid(e207b62fa6f363b4d925fc748af15d0c) Importer(815301076,1909f56bfc062723c751e8b465ee728b)
Start importing Assets/S_FPS/Dg.mat using Guid(e207b62fa6f363b4d925fc748af15d0c) Importer(815301076,1909f56bfc062723c751e8b465ee728b)  -> (artifact id: '7d88279d210d92ef643fc18eb41d91e9') in 0.011625 seconds 
  Import took 0.015234 seconds .

========================================================================
Received Import Request.
  Time since last request: 109.902366 seconds.
  path: Assets/S_FPS/Dark green.mat
  artifactKey: Guid(b9b267650dadeb348893419ea00f5815) Importer(815301076,1909f56bfc062723c751e8b465ee728b)
Start importing Assets/S_FPS/Dark green.mat using Guid(b9b267650dadeb348893419ea00f5815) Importer(815301076,1909f56bfc062723c751e8b465ee728b)  -> (artifact id: '57692f3f7de0d02a2d6224e1c20d4643') in 0.012282 seconds 
  Import took 0.015828 seconds .

========================================================================
Received Prepare
Registering precompiled user dll's ...
Registered in 0.004778 seconds.
Begin MonoManager ReloadAssembly
Native extension for WindowsStandalone target not found
Refreshing native plugins compatible for Editor in 0.34 ms, found 2 plugins.
Preloading 0 native plugins for Editor in 0.00 ms.
Mono: successfully reloaded assembly
- Completed reload, in  0.935 seconds
Domain Reload Profiling:
	ReloadAssembly (935ms)
		BeginReloadAssembly (110ms)
			ExecutionOrderSort (0ms)
			DisableScriptedObjects (4ms)
			BackupInstance (0ms)
			ReleaseScriptingObjects (0ms)
			CreateAndSetChildDomain (30ms)
		EndReloadAssembly (765ms)
			LoadAssemblies (80ms)
			RebuildTransferFunctionScriptingTraits (0ms)
			SetupTypeCache (263ms)
			ReleaseScriptCaches (1ms)
			RebuildScriptCaches (37ms)
			SetupLoadedEditorAssemblies (290ms)
				LogAssemblyErrors (0ms)
				InitializePlatformSupportModulesInManaged (5ms)
				SetLoadedEditorAssemblies (0ms)
				RefreshPlugins (0ms)
				BeforeProcessingInitializeOnLoad (51ms)
				ProcessInitializeOnLoadAttributes (222ms)
				ProcessInitializeOnLoadMethodAttributes (4ms)
				AfterProcessingInitializeOnLoad (7ms)
				EditorAssembliesLoaded (0ms)
			ExecutionOrderSort2 (0ms)
			AwakeInstancesAfterBackupRestoration (7ms)
Platform modules already initialized, skipping
Refreshing native plugins compatible for Editor in 0.37 ms, found 2 plugins.
Preloading 0 native plugins for Editor in 0.00 ms.
Unloading 1723 Unused Serialized files (Serialized files now loaded: 0)
System memory in use before: 83.1 MB.
System memory in use after: 83.1 MB.

Unloading 14 unused Assets to reduce memory usage. Loaded Objects now: 2232.
Total: 2.113200 ms (FindLiveObjects: 0.168700 ms CreateObjectMapping: 0.060700 ms MarkObjects: 1.818000 ms  DeleteObjects: 0.064500 ms)

AssetImportParameters requested are different than current active one (requested -> active):
  custom:framework-win-MediaFoundation: 216162199b28c13a410421893ffa2e32 -> 
  custom:video-decoder-ogg-theora: a1e56fd34408186e4bbccfd4996cb3dc -> 
  custom:container-muxer-webm: aa71ff27fc2769a1b78a27578f13a17b -> 
  custom:container-demuxer-webm: 4f35f7cbe854078d1ac9338744f61a02 -> 
  custom:container-demuxer-ogg: 62fdf1f143b41e24485cea50d1cbac27 -> 
  custom:video-encoder-webm-vp8: eb34c28f22e8b96e1ab97ce403110664 -> 
  custom:video-decoder-webm-vp8: 9c59270c3fd7afecdb556c50c9e8de78 -> 
  custom:audio-decoder-ogg-vorbis: bf7c407c2cedff20999df2af8eb42d56 -> 
  custom:audio-encoder-webm-vorbis: bf7c407c2cedff20999df2af8eb42d56 -> 
========================================================================
Received Prepare
Registering precompiled user dll's ...
Registered in 0.005161 seconds.
Begin MonoManager ReloadAssembly
Native extension for WindowsStandalone target not found
Refreshing native plugins compatible for Editor in 0.40 ms, found 2 plugins.
Preloading 0 native plugins for Editor in 0.00 ms.
Mono: successfully reloaded assembly
- Completed reload, in  0.993 seconds
Domain Reload Profiling:
	ReloadAssembly (994ms)
		BeginReloadAssembly (114ms)
			ExecutionOrderSort (0ms)
			DisableScriptedObjects (4ms)
			BackupInstance (0ms)
			ReleaseScriptingObjects (0ms)
			CreateAndSetChildDomain (29ms)
		EndReloadAssembly (817ms)
			LoadAssemblies (91ms)
			RebuildTransferFunctionScriptingTraits (0ms)
			SetupTypeCache (267ms)
			ReleaseScriptCaches (1ms)
			RebuildScriptCaches (40ms)
			SetupLoadedEditorAssemblies (316ms)
				LogAssemblyErrors (0ms)
				InitializePlatformSupportModulesInManaged (5ms)
				SetLoadedEditorAssemblies (0ms)
				RefreshPlugins (0ms)
				BeforeProcessingInitializeOnLoad (57ms)
				ProcessInitializeOnLoadAttributes (241ms)
				ProcessInitializeOnLoadMethodAttributes (5ms)
				AfterProcessingInitializeOnLoad (7ms)
				EditorAssembliesLoaded (0ms)
			ExecutionOrderSort2 (0ms)
			AwakeInstancesAfterBackupRestoration (8ms)
Platform modules already initialized, skipping
Refreshing native plugins compatible for Editor in 0.39 ms, found 2 plugins.
Preloading 0 native plugins for Editor in 0.00 ms.
Unloading 1723 Unused Serialized files (Serialized files now loaded: 0)
System memory in use before: 83.1 MB.
System memory in use after: 83.2 MB.

Unloading 14 unused Assets to reduce memory usage. Loaded Objects now: 2235.
Total: 2.246100 ms (FindLiveObjects: 0.176000 ms CreateObjectMapping: 0.061400 ms MarkObjects: 1.943700 ms  DeleteObjects: 0.063800 ms)

AssetImportParameters requested are different than current active one (requested -> active):
  custom:framework-win-MediaFoundation: 216162199b28c13a410421893ffa2e32 -> 
  custom:video-decoder-ogg-theora: a1e56fd34408186e4bbccfd4996cb3dc -> 
  custom:container-muxer-webm: aa71ff27fc2769a1b78a27578f13a17b -> 
  custom:container-demuxer-webm: 4f35f7cbe854078d1ac9338744f61a02 -> 
  custom:container-demuxer-ogg: 62fdf1f143b41e24485cea50d1cbac27 -> 
  custom:video-encoder-webm-vp8: eb34c28f22e8b96e1ab97ce403110664 -> 
  custom:video-decoder-webm-vp8: 9c59270c3fd7afecdb556c50c9e8de78 -> 
  custom:audio-decoder-ogg-vorbis: bf7c407c2cedff20999df2af8eb42d56 -> 
  custom:audio-encoder-webm-vorbis: bf7c407c2cedff20999df2af8eb42d56 -> 
========================================================================
Received Import Request.
  Time since last request: 4416.829484 seconds.
  path: Assets/S_FPS/pink.mat
  artifactKey: Guid(1bf09d001e3e9054d97e4d41d9404487) Importer(815301076,1909f56bfc062723c751e8b465ee728b)
Start importing Assets/S_FPS/pink.mat using Guid(1bf09d001e3e9054d97e4d41d9404487) Importer(815301076,1909f56bfc062723c751e8b465ee728b)  -> (artifact id: '40bf09c6bc758623657efe5f0b9d105b') in 0.061859 seconds 
  Import took 0.065614 seconds .

========================================================================
Received Prepare
Registering precompiled user dll's ...
Registered in 0.004781 seconds.
Begin MonoManager ReloadAssembly
Native extension for WindowsStandalone target not found
Refreshing native plugins compatible for Editor in 0.34 ms, found 2 plugins.
Preloading 0 native plugins for Editor in 0.00 ms.
Mono: successfully reloaded assembly
- Completed reload, in  0.909 seconds
Domain Reload Profiling:
	ReloadAssembly (910ms)
		BeginReloadAssembly (103ms)
			ExecutionOrderSort (0ms)
			DisableScriptedObjects (4ms)
			BackupInstance (0ms)
			ReleaseScriptingObjects (0ms)
			CreateAndSetChildDomain (29ms)
		EndReloadAssembly (751ms)
			LoadAssemblies (80ms)
			RebuildTransferFunctionScriptingTraits (0ms)
			SetupTypeCache (268ms)
			ReleaseScriptCaches (1ms)
			RebuildScriptCaches (37ms)
			SetupLoadedEditorAssemblies (267ms)
				LogAssemblyErrors (0ms)
				InitializePlatformSupportModulesInManaged (5ms)
				SetLoadedEditorAssemblies (0ms)
				RefreshPlugins (0ms)
				BeforeProcessingInitializeOnLoad (51ms)
				ProcessInitializeOnLoadAttributes (200ms)
				ProcessInitializeOnLoadMethodAttributes (4ms)
				AfterProcessingInitializeOnLoad (6ms)
				EditorAssembliesLoaded (0ms)
			ExecutionOrderSort2 (0ms)
			AwakeInstancesAfterBackupRestoration (8ms)
Platform modules already initialized, skipping
Refreshing native plugins compatible for Editor in 0.35 ms, found 2 plugins.
Preloading 0 native plugins for Editor in 0.00 ms.
Unloading 1723 Unused Serialized files (Serialized files now loaded: 0)
System memory in use before: 83.2 MB.
System memory in use after: 83.2 MB.

Unloading 14 unused Assets to reduce memory usage. Loaded Objects now: 2239.
Total: 1.913100 ms (FindLiveObjects: 0.155500 ms CreateObjectMapping: 0.057900 ms MarkObjects: 1.632000 ms  DeleteObjects: 0.066700 ms)

AssetImportParameters requested are different than current active one (requested -> active):
  custom:framework-win-MediaFoundation: 216162199b28c13a410421893ffa2e32 -> 
  custom:video-decoder-ogg-theora: a1e56fd34408186e4bbccfd4996cb3dc -> 
  custom:container-muxer-webm: aa71ff27fc2769a1b78a27578f13a17b -> 
  custom:container-demuxer-webm: 4f35f7cbe854078d1ac9338744f61a02 -> 
  custom:container-demuxer-ogg: 62fdf1f143b41e24485cea50d1cbac27 -> 
  custom:video-encoder-webm-vp8: eb34c28f22e8b96e1ab97ce403110664 -> 
  custom:video-decoder-webm-vp8: 9c59270c3fd7afecdb556c50c9e8de78 -> 
  custom:audio-decoder-ogg-vorbis: bf7c407c2cedff20999df2af8eb42d56 -> 
  custom:audio-encoder-webm-vorbis: bf7c407c2cedff20999df2af8eb42d56 -> 
========================================================================
Received Import Request.
  Time since last request: 915.670120 seconds.
  path: Assets/S_FPS/glass.mat
  artifactKey: Guid(88b393084984efb4593bb0ea205998b5) Importer(815301076,1909f56bfc062723c751e8b465ee728b)
Start importing Assets/S_FPS/glass.mat using Guid(88b393084984efb4593bb0ea205998b5) Importer(815301076,1909f56bfc062723c751e8b465ee728b)  -> (artifact id: 'b57abf9b260295e13683006e0d419d4c') in 0.052473 seconds 
  Import took 0.055615 seconds .

========================================================================
Received Import Request.
  Time since last request: 731.112557 seconds.
  path: Assets/S_FPS/Dark green.mat
  artifactKey: Guid(b9b267650dadeb348893419ea00f5815) Importer(815301076,1909f56bfc062723c751e8b465ee728b)
Start importing Assets/S_FPS/Dark green.mat using Guid(b9b267650dadeb348893419ea00f5815) Importer(815301076,1909f56bfc062723c751e8b465ee728b)  -> (artifact id: 'ac3f9669bd5d02542916ed8c1ab506c4') in 0.014358 seconds 
  Import took 0.018049 seconds .

========================================================================
Received Import Request.
  Time since last request: 0.000269 seconds.
  path: Assets/S_FPS/pink.mat
  artifactKey: Guid(1bf09d001e3e9054d97e4d41d9404487) Importer(815301076,1909f56bfc062723c751e8b465ee728b)
Start importing Assets/S_FPS/pink.mat using Guid(1bf09d001e3e9054d97e4d41d9404487) Importer(815301076,1909f56bfc062723c751e8b465ee728b)  -> (artifact id: '04b618a7786261a460febcfb3ce26911') in 0.011129 seconds 
  Import took 0.014389 seconds .

========================================================================
Received Import Request.
  Time since last request: 0.000267 seconds.
  path: Assets/S_FPS/Dg.mat
  artifactKey: Guid(e207b62fa6f363b4d925fc748af15d0c) Importer(815301076,1909f56bfc062723c751e8b465ee728b)
Start importing Assets/S_FPS/Dg.mat using Guid(e207b62fa6f363b4d925fc748af15d0c) Importer(815301076,1909f56bfc062723c751e8b465ee728b)  -> (artifact id: '942237d7258dad6a54714909af28405f') in 0.011666 seconds 
  Import took 0.015974 seconds .

========================================================================
Received Import Request.
  Time since last request: 0.000300 seconds.
  path: Assets/S_FPS/fy.mat
  artifactKey: Guid(db0eb6668e466a249a620d5ddb58a471) Importer(815301076,1909f56bfc062723c751e8b465ee728b)
Start importing Assets/S_FPS/fy.mat using Guid(db0eb6668e466a249a620d5ddb58a471) Importer(815301076,1909f56bfc062723c751e8b465ee728b)  -> (artifact id: 'f106af075a5fb455a2a2061bc5f714d0') in 0.011156 seconds 
  Import took 0.014759 seconds .

========================================================================
Received Import Request.
  Time since last request: 0.000237 seconds.
  path: Assets/S_FPS/glass.mat
  artifactKey: Guid(88b393084984efb4593bb0ea205998b5) Importer(815301076,1909f56bfc062723c751e8b465ee728b)
Start importing Assets/S_FPS/glass.mat using Guid(88b393084984efb4593bb0ea205998b5) Importer(815301076,1909f56bfc062723c751e8b465ee728b)  -> (artifact id: '639069f61502225cb26fde531dc9594b') in 0.012383 seconds 
  Import took 0.015992 seconds .

AssetImportWorkerClient::OnTransportError - code=2 error=End of file
